<?xml version="1.0" encoding="UTF-8"?>
<!-- Generated by org.testng.reporters.JUnitReportReporter -->
<testsuite hostname="DellLatitude-PC" failures="0" tests="3" name="tests.MealItemTest" time="141.892" errors="0" timestamp="2021-06-25T16:48:27 CEST" skipped="0">
  <testcase classname="tests.MealItemTest" name="addMealToCart" time="35.526"/>
  <system-out/>
  <testcase classname="tests.MealItemTest" name="clearCart" time="78.631"/>
  <system-out/>
  <testcase classname="tests.MealItemTest" name="addMealToFavorite" time="27.735"/>
  <system-out/>
</testsuite> <!-- tests.MealItemTest -->
