<?xml version="1.0" encoding="UTF-8"?>
<!-- Generated by org.testng.reporters.JUnitReportReporter -->
<testsuite hostname="DellLatitude-PC" failures="0" tests="3" name="tests.MealItemTest" time="145.302" errors="0" timestamp="2021-06-25T19:33:41 CEST" skipped="0">
  <testcase classname="tests.MealItemTest" name="addMealToCart" time="35.159"/>
  <system-out/>
  <testcase classname="tests.MealItemTest" name="clearCart" time="87.057"/>
  <system-out/>
  <testcase classname="tests.MealItemTest" name="addMealToFavorite" time="23.086"/>
  <system-out/>
</testsuite> <!-- tests.MealItemTest -->
