<?xml version="1.0" encoding="UTF-8"?>
<!-- Generated by org.testng.reporters.JUnitReportReporter -->
<testsuite hostname="DellLatitude-PC" failures="0" tests="1" name="tests.ProfileTest" time="41.912" errors="0" timestamp="2021-06-24T03:18:04 CEST" skipped="0">
  <testcase classname="tests.ProfileTest" name="changeProfileImage" time="41.912"/>
  <system-out/>
</testsuite> <!-- tests.ProfileTest -->
