<?xml version="1.0" encoding="UTF-8"?>
<!-- Generated by org.testng.reporters.JUnitReportReporter -->
<testsuite hostname="DellLatitude-PC" failures="0" tests="2" name="tests.ProfileTest" time="83.411" errors="0" timestamp="2021-06-25T19:21:48 CEST" skipped="0">
  <testcase classname="tests.ProfileTest" name="changeProfileImage" time="42.517"/>
  <system-out/>
  <testcase classname="tests.ProfileTest" name="editProfile" time="40.894"/>
  <system-out/>
</testsuite> <!-- tests.ProfileTest -->
