<?xml version="1.0" encoding="UTF-8"?>
<!-- Generated by org.testng.reporters.JUnitReportReporter -->
<testsuite hostname="DellLatitude-PC" failures="0" tests="1" name="tests.MealItemTest" time="81.042" errors="0" timestamp="2021-06-25T16:19:31 CEST" skipped="0">
  <testcase classname="tests.MealItemTest" name="clearCart" time="81.042"/>
  <system-out/>
</testsuite> <!-- tests.MealItemTest -->
